<?xml version="1.0" encoding="UTF-8"?>
<testsuite xmlns:xsi="http://www.w3.org/2001/XMLSchema-instance" xsi:noNamespaceSchemaLocation="https://maven.apache.org/surefire/maven-surefire-plugin/xsd/surefire-test-report-3.0.xsd" version="3.0" name="com.example.demo.SpringbootBackendApplicationTests" time="11.675" tests="1" errors="0" skipped="0" failures="0">
  <properties>
[...]
</properties>
  <testcase name="contextLoads" classname="com.example.demo.SpringbootBackendApplicationTests" time="1.134">
    <system-out><![CDATA[19:22:13.426 [main] INFO org.springframework.test.context.support.AnnotationConfigContextLoaderUtils -- Could not detect default configuration classes for test class [com.example.demo.SpringbootBackendApplicationTests]: SpringbootBackendApplicationTests does not declare any static, non-private, non-final, nested classes annotated with @Configuration.
19:22:13.707 [main] INFO org.springframework.boot.test.context.SpringBootTestContextBootstrapper -- Found @SpringBootConfiguration com.example.demo.SpringbootBackendApplication for test class com.example.demo.SpringbootBackendApplicationTests

  .   ____          _            __ _ _
 /\\ / ___'_ __ _ _(_)_ __  __ _ \ \ \ \
( ( )\___ | '_ | '_| | '_ \/ _` | \ \ \ \
 \\/  ___)| |_)| | | | | || (_| |  ) ) ) )
  '  |____| .__|_| |_|_| |_\__, | / / / /
 =========|_|==============|___/=/_/_/_/
 :: Spring Boot ::                (v3.1.0)

2023-10-06T19:22:14.613+05:30  INFO 16376 --- [           main] c.e.d.SpringbootBackendApplicationTests  : Starting SpringbootBackendApplicationTests using Java 17.0.5 with PID 16376 (started by prabh in C:\Users\prabh\Desktop\Spring tool projects\springbootCrudOperationEmployee-main\springboot-backend)
2023-10-06T19:22:14.616+05:30  INFO 16376 --- [           main] c.e.d.SpringbootBackendApplicationTests  : No active profile set, falling back to 1 default profile: "default"
2023-10-06T19:22:16.266+05:30  INFO 16376 --- [           main] .s.d.r.c.RepositoryConfigurationDelegate : Bootstrapping Spring Data JPA repositories in DEFAULT mode.
2023-10-06T19:22:16.622+05:30  INFO 16376 --- [           main] .s.d.r.c.RepositoryConfigurationDelegate : Finished Spring Data repository scanning in 336 ms. Found 1 JPA repository interfaces.
2023-10-06T19:22:17.254+05:30  INFO 16376 --- [           main] trationDelegate$BeanPostProcessorChecker : Bean 'org.springframework.ws.config.annotation.DelegatingWsConfiguration' of type [org.springframework.ws.config.annotation.DelegatingWsConfiguration$$SpringCGLIB$$0] is not eligible for getting processed by all BeanPostProcessors (for example: not eligible for auto-proxying)
2023-10-06T19:22:17.416+05:30  INFO 16376 --- [           main] .w.s.a.s.AnnotationActionEndpointMapping : Supporting [WS-Addressing August 2004, WS-Addressing 1.0]
2023-10-06T19:22:17.810+05:30  INFO 16376 --- [           main] o.hibernate.jpa.internal.util.LogHelper  : HHH000204: Processing PersistenceUnitInfo [name: default]
2023-10-06T19:22:17.954+05:30  INFO 16376 --- [           main] org.hibernate.Version                    : HHH000412: Hibernate ORM core version 6.2.2.Final
2023-10-06T19:22:17.960+05:30  INFO 16376 --- [           main] org.hibernate.cfg.Environment            : HHH000406: Using bytecode reflection optimizer
2023-10-06T19:22:18.466+05:30  INFO 16376 --- [           main] o.h.b.i.BytecodeProviderInitiator        : HHH000021: Bytecode provider name : bytebuddy
2023-10-06T19:22:18.779+05:30  INFO 16376 --- [           main] o.s.o.j.p.SpringPersistenceUnitInfo      : No LoadTimeWeaver setup: ignoring JPA class transformer
2023-10-06T19:22:18.818+05:30  INFO 16376 --- [           main] com.zaxxer.hikari.HikariDataSource       : HikariPool-1 - Starting...
2023-10-06T19:22:19.204+05:30  INFO 16376 --- [           main] com.zaxxer.hikari.pool.HikariPool        : HikariPool-1 - Added connection com.mysql.cj.jdbc.ConnectionImpl@4ab455e2
2023-10-06T19:22:19.206+05:30  INFO 16376 --- [           main] com.zaxxer.hikari.HikariDataSource       : HikariPool-1 - Start completed.
2023-10-06T19:22:19.285+05:30  INFO 16376 --- [           main] org.hibernate.orm.dialect                : HHH035001: Using dialect: org.hibernate.dialect.MySQL8Dialect, version: 8.0
2023-10-06T19:22:19.288+05:30  WARN 16376 --- [           main] org.hibernate.orm.deprecation            : HHH90000026: MySQL8Dialect has been deprecated; use org.hibernate.dialect.MySQLDialect instead
2023-10-06T19:22:19.835+05:30  INFO 16376 --- [           main] o.h.b.i.BytecodeProviderInitiator        : HHH000021: Bytecode provider name : bytebuddy
2023-10-06T19:22:20.965+05:30  INFO 16376 --- [           main] o.h.e.t.j.p.i.JtaPlatformInitiator       : HHH000490: Using JtaPlatform implementation: [org.hibernate.engine.transaction.jta.platform.internal.NoJtaPlatform]
Hibernate: 
    drop table if exists employee
Hibernate: 
    drop table if exists employee_seq
Hibernate: 
    create table employee (
        id bigint not null,
        email varchar(255),
        firstname varchar(255),
        lastname varchar(255),
        primary key (id)
    ) engine=InnoDB
Hibernate: 
    create table employee_seq (
        next_val bigint
    ) engine=InnoDB
Hibernate: 
    insert into employee_seq values ( 1 )
2023-10-06T19:22:21.147+05:30  INFO 16376 --- [           main] o.h.t.s.i.e.GenerationTargetToDatabase   : HHH000476: Executing script '[injected ScriptSourceInputNonExistentImpl script]'
2023-10-06T19:22:21.151+05:30  INFO 16376 --- [           main] j.LocalContainerEntityManagerFactoryBean : Initialized JPA EntityManagerFactory for persistence unit 'default'
2023-10-06T19:22:22.308+05:30  WARN 16376 --- [           main] JpaBaseConfiguration$JpaWebConfiguration : spring.jpa.open-in-view is enabled by default. Therefore, database queries may be performed during view rendering. Explicitly configure spring.jpa.open-in-view to disable this warning
2023-10-06T19:22:22.934+05:30  WARN 16376 --- [           main] ion$DefaultTemplateResolverConfiguration : Cannot find template location: classpath:/templates/ (please add some templates, check your Thymeleaf configuration, or set spring.thymeleaf.check-template-location=false)
2023-10-06T19:22:23.406+05:30  INFO 16376 --- [           main] c.e.d.SpringbootBackendApplicationTests  : Started SpringbootBackendApplicationTests in 9.371 seconds (process running for 11.791)
Hello World from Application Runner
]]></system-out>
  </testcase>
</testsuite>